<?xml version="1.0" encoding="UTF-8"?>
<!-- Generated by org.testng.reporters.JUnitReportReporter -->
<testsuite hostname="Katie" name="com.page.XcelWork" tests="1" failures="0" timestamp="7 Apr 2016 02:54:42 GMT" time="23.225" errors="0">
  <testcase name="InvalidSignUp" time="23.225" classname="com.page.XcelWork"/>
</testsuite> <!-- com.page.XcelWork -->
